2018-06-05 22:14:21.411  INFO 11204 --- [main] com.DemoApplication                      : Starting DemoApplication on DESKTOP-US375EP with PID 11204 (E:\work\demo\target\classes started by Admin in E:\work\demo)
2018-06-05 22:14:21.418  INFO 11204 --- [main] com.DemoApplication                      : The following profiles are active: dev
2018-06-05 22:14:21.643  INFO 11204 --- [main] ConfigServletWebServerApplicationContext : Refreshing org.springframework.boot.web.servlet.context.AnnotationConfigServletWebServerApplicationContext@7a1a14a4: startup date [Tue Jun 05 22:14:21 CST 2018]; root of context hierarchy
2018-06-05 22:14:31.099  INFO 11204 --- [main] o.s.b.w.embedded.tomcat.TomcatWebServer  : Tomcat initialized with port(s): 8080 (http)
2018-06-05 22:14:31.192  INFO 11204 --- [main] o.apache.catalina.core.StandardService   : Starting service [Tomcat]
2018-06-05 22:14:31.193  INFO 11204 --- [main] org.apache.catalina.core.StandardEngine  : Starting Servlet Engine: Apache Tomcat/8.5.31
2018-06-05 22:14:31.253  INFO 11204 --- [localhost-startStop-1] o.a.catalina.core.AprLifecycleListener   : The APR based Apache Tomcat Native library which allows optimal performance in production environments was not found on the java.library.path: [D:\Java\jdk1.8.0_161\bin;C:\WINDOWS\Sun\Java\bin;C:\WINDOWS\system32;C:\WINDOWS;C:\ProgramData\Oracle\Java\javapath;C:\Windows\system32;C:\Windows;C:\Windows\System32\Wbem;C:\Windows\System32\WindowsPowerShell\v1.0\;C:\Program Files (x86)\NVIDIA Corporation\PhysX\Common;D:\Java\jdk1.8.0_161\bin;D:\maven\apache-maven-3.5.3\bin;D:\Program Files\Git\cmd;C:\WINDOWS\system32;C:\WINDOWS;C:\WINDOWS\System32\Wbem;C:\WINDOWS\System32\WindowsPowerShell\v1.0\;C:\Users\Admin\AppData\Local\Microsoft\WindowsApps;;.]
2018-06-05 22:14:31.522  INFO 11204 --- [localhost-startStop-1] o.a.c.c.C.[Tomcat].[localhost].[/]       : Initializing Spring embedded WebApplicationContext
2018-06-05 22:14:31.523  INFO 11204 --- [localhost-startStop-1] o.s.web.context.ContextLoader            : Root WebApplicationContext: initialization completed in 9879 ms
2018-06-05 22:14:31.881  INFO 11204 --- [localhost-startStop-1] o.s.b.w.servlet.ServletRegistrationBean  : Servlet dispatcherServlet mapped to [/]
2018-06-05 22:14:31.890  INFO 11204 --- [localhost-startStop-1] o.s.b.w.servlet.FilterRegistrationBean   : Mapping filter: 'characterEncodingFilter' to: [/*]
2018-06-05 22:14:31.891  INFO 11204 --- [localhost-startStop-1] o.s.b.w.servlet.FilterRegistrationBean   : Mapping filter: 'hiddenHttpMethodFilter' to: [/*]
2018-06-05 22:14:31.892  INFO 11204 --- [localhost-startStop-1] o.s.b.w.servlet.FilterRegistrationBean   : Mapping filter: 'httpPutFormContentFilter' to: [/*]
2018-06-05 22:14:31.892  INFO 11204 --- [localhost-startStop-1] o.s.b.w.servlet.FilterRegistrationBean   : Mapping filter: 'requestContextFilter' to: [/*]
2018-06-05 22:14:33.964  INFO 11204 --- [main] o.s.w.s.handler.SimpleUrlHandlerMapping  : Mapped URL path [/**/favicon.ico] onto handler of type [class org.springframework.web.servlet.resource.ResourceHttpRequestHandler]
2018-06-05 22:14:34.781  INFO 11204 --- [main] s.w.s.m.m.a.RequestMappingHandlerAdapter : Looking for @ControllerAdvice: org.springframework.boot.web.servlet.context.AnnotationConfigServletWebServerApplicationContext@7a1a14a4: startup date [Tue Jun 05 22:14:21 CST 2018]; root of context hierarchy
2018-06-05 22:14:35.068  INFO 11204 --- [main] s.w.s.m.m.a.RequestMappingHandlerMapping : Mapped "{[/getUserInfo]}" onto public com.demo.model.Result com.demo.controller.HelloController.getUserInfo()
2018-06-05 22:14:35.070  INFO 11204 --- [main] s.w.s.m.m.a.RequestMappingHandlerMapping : Mapped "{[/addUser],methods=[POST]}" onto public com.demo.model.Result com.demo.controller.HelloController.addUser(com.demo.model.User)
2018-06-05 22:14:35.071  INFO 11204 --- [main] s.w.s.m.m.a.RequestMappingHandlerMapping : Mapped "{[/hello]}" onto public java.lang.String com.demo.controller.HelloController.greeting(java.lang.String,org.springframework.ui.Model)
2018-06-05 22:14:35.071  INFO 11204 --- [main] s.w.s.m.m.a.RequestMappingHandlerMapping : Mapped "{[/getMsg]}" onto public java.lang.String com.demo.controller.HelloController.getMsg()
2018-06-05 22:14:35.084  INFO 11204 --- [main] s.w.s.m.m.a.RequestMappingHandlerMapping : Mapped "{[/getMsg],methods=[GET]}" onto public java.lang.String com.login.controller.LoginController.getMsg()
2018-06-05 22:14:35.085  INFO 11204 --- [main] s.w.s.m.m.a.RequestMappingHandlerMapping : Mapped "{[/login],methods=[POST]}" onto public com.demo.model.Result com.login.controller.LoginController.login(com.login.model.UserInfo)
2018-06-05 22:14:35.105  INFO 11204 --- [main] s.w.s.m.m.a.RequestMappingHandlerMapping : Mapped "{[/error]}" onto public org.springframework.http.ResponseEntity<java.util.Map<java.lang.String, java.lang.Object>> org.springframework.boot.autoconfigure.web.servlet.error.BasicErrorController.error(javax.servlet.http.HttpServletRequest)
2018-06-05 22:14:35.108  INFO 11204 --- [main] s.w.s.m.m.a.RequestMappingHandlerMapping : Mapped "{[/error],produces=[text/html]}" onto public org.springframework.web.servlet.ModelAndView org.springframework.boot.autoconfigure.web.servlet.error.BasicErrorController.errorHtml(javax.servlet.http.HttpServletRequest,javax.servlet.http.HttpServletResponse)
2018-06-05 22:14:35.269  INFO 11204 --- [main] o.s.w.s.handler.SimpleUrlHandlerMapping  : Mapped URL path [/webjars/**] onto handler of type [class org.springframework.web.servlet.resource.ResourceHttpRequestHandler]
2018-06-05 22:14:35.269  INFO 11204 --- [main] o.s.w.s.handler.SimpleUrlHandlerMapping  : Mapped URL path [/**] onto handler of type [class org.springframework.web.servlet.resource.ResourceHttpRequestHandler]
2018-06-05 22:14:36.279  INFO 11204 --- [main] o.s.j.e.a.AnnotationMBeanExporter        : Registering beans for JMX exposure on startup
2018-06-05 22:14:36.283  INFO 11204 --- [main] o.s.j.e.a.AnnotationMBeanExporter        : Bean with name 'dataSource' has been autodetected for JMX exposure
2018-06-05 22:14:36.295  INFO 11204 --- [main] o.s.j.e.a.AnnotationMBeanExporter        : Located MBean 'dataSource': registering with JMX server as MBean [com.zaxxer.hikari:name=dataSource,type=HikariDataSource]
2018-06-05 22:14:36.480  INFO 11204 --- [main] o.s.b.w.embedded.tomcat.TomcatWebServer  : Tomcat started on port(s): 8080 (http) with context path ''
2018-06-05 22:14:36.510  INFO 11204 --- [main] com.DemoApplication                      : Started DemoApplication in 17.055 seconds (JVM running for 20.772)
2018-06-05 22:15:53.673  INFO 11204 --- [http-nio-8080-exec-1] o.a.c.c.C.[Tomcat].[localhost].[/]       : Initializing Spring FrameworkServlet 'dispatcherServlet'
2018-06-05 22:15:53.673  INFO 11204 --- [http-nio-8080-exec-1] o.s.web.servlet.DispatcherServlet        : FrameworkServlet 'dispatcherServlet': initialization started
2018-06-05 22:15:53.699  INFO 11204 --- [http-nio-8080-exec-1] o.s.web.servlet.DispatcherServlet        : FrameworkServlet 'dispatcherServlet': initialization completed in 26 ms
2018-06-05 22:15:54.074  INFO 11204 --- [http-nio-8080-exec-1] com.zaxxer.hikari.HikariDataSource       : HikariPool-1 - Starting...
2018-06-05 22:15:54.716  INFO 11204 --- [http-nio-8080-exec-1] com.zaxxer.hikari.pool.PoolBase          : HikariPool-1 - Driver does not support get/set network timeout for connections. (com.mysql.jdbc.JDBC4Connection.getNetworkTimeout()I)
2018-06-05 22:15:54.716  INFO 11204 --- [http-nio-8080-exec-1] com.zaxxer.hikari.HikariDataSource       : HikariPool-1 - Start completed.
